<?xml version="1.0" encoding="UTF-8"?>
<!-- Generated by org.testng.reporters.JUnitReportReporter -->
<testsuite hostname="HP-PC" name="scripts.Login" tests="1" failures="0" timestamp="25 Aug 2016 15:29:48 GMT" time="3.819" errors="0">
  <testcase name="test_Login" time="3.819" classname="scripts.Login"/>
</testsuite> <!-- scripts.Login -->
