<?xml version="1.0" encoding="UTF-8"?>
<!-- Generated by org.testng.reporters.JUnitReportReporter -->
<testsuite hostname="HP-PC" name="scripts.SignUp" tests="1" failures="0" timestamp="27 Aug 2016 09:56:35 GMT" time="5.150" errors="0">
  <testcase name="test_SignUp" time="5.150" classname="scripts.SignUp"/>
</testsuite> <!-- scripts.SignUp -->
